<?xml version="1.0" encoding="UTF-8"?>
<coverage generated="1781728859814" clover="3.2.0">
  <project timestamp="1781728859814" name="All files">
    <metrics statements="20" coveredstatements="16" conditionals="10" coveredconditionals="8" methods="4" coveredmethods="3" elements="34" coveredelements="27" complexity="0" loc="20" ncloc="20" packages="1" files="2" classes="2"/>
    <file name="errorHandler.js" path="/home/rei-davi/Área de trabalho/Projetos/Saulo/pe-na-trilha-backend/src/middlewares/errorHandler.js">
      <metrics statements="11" coveredstatements="7" conditionals="6" coveredconditionals="4" methods="3" coveredmethods="2"/>
      <line num="2" count="1" type="stmt"/>
      <line num="8" count="2" type="cond" truecount="2" falsecount="0"/>
      <line num="9" count="1" type="stmt"/>
      <line num="12" count="1" type="cond" truecount="1" falsecount="1"/>
      <line num="13" count="0" type="stmt"/>
      <line num="14" count="0" type="stmt"/>
      <line num="17" count="0" type="stmt"/>
      <line num="23" count="1" type="cond" truecount="1" falsecount="1"/>
      <line num="24" count="0" type="stmt"/>
      <line num="27" count="1" type="stmt"/>
      <line num="28" count="1" type="stmt"/>
    </file>
    <file name="validarTrilha.js" path="/home/rei-davi/Área de trabalho/Projetos/Saulo/pe-na-trilha-backend/src/middlewares/validarTrilha.js">
      <metrics statements="9" coveredstatements="9" conditionals="4" coveredconditionals="4" methods="1" coveredmethods="1"/>
      <line num="1" count="1" type="stmt"/>
      <line num="4" count="2" type="stmt"/>
      <line num="6" count="2" type="stmt"/>
      <line num="7" count="4" type="stmt"/>
      <line num="9" count="4" type="cond" truecount="4" falsecount="0"/>
      <line num="10" count="1" type="stmt"/>
      <line num="15" count="3" type="stmt"/>
      <line num="18" count="1" type="stmt"/>
      <line num="19" count="1" type="stmt"/>
    </file>
  </project>
</coverage>
