TN:
SF:src/middlewares/errorHandler.js
FN:1,rotaNaoEncontrada
FN:7,tratarErros
FN:14,(anonymous_2)
FNF:3
FNH:3
FNDA:1,rotaNaoEncontrada
FNDA:4,tratarErros
FNDA:2,(anonymous_2)
DA:2,1
DA:8,4
DA:9,1
DA:12,3
DA:13,1
DA:14,2
DA:17,1
DA:23,2
DA:24,1
DA:27,1
DA:28,1
LF:11
LH:11
BRDA:8,0,0,1
BRDA:8,0,1,3
BRDA:12,1,0,1
BRDA:12,1,1,2
BRDA:23,2,0,1
BRDA:23,2,1,1
BRF:6
BRH:6
end_of_record
TN:
SF:src/middlewares/validarTrilha.js
FN:3,validarTrilha
FNF:1
FNH:1
FNDA:4,validarTrilha
DA:1,1
DA:4,4
DA:6,4
DA:7,9
DA:9,9
DA:10,2
DA:15,7
DA:18,2
DA:19,2
LF:9
LH:9
BRDA:9,0,0,2
BRDA:9,0,1,7
BRDA:9,1,0,9
BRDA:9,1,1,8
BRF:4
BRH:4
end_of_record
