TN:
SF:src/middlewares/errorHandler.js
FN:1,rotaNaoEncontrada
FN:7,tratarErros
FN:14,(anonymous_2)
FNF:3
FNH:2
FNDA:1,rotaNaoEncontrada
FNDA:2,tratarErros
FNDA:0,(anonymous_2)
DA:2,1
DA:8,2
DA:9,1
DA:12,1
DA:13,0
DA:14,0
DA:17,0
DA:23,1
DA:24,0
DA:27,1
DA:28,1
LF:11
LH:7
BRDA:8,0,0,1
BRDA:8,0,1,1
BRDA:12,1,0,0
BRDA:12,1,1,1
BRDA:23,2,0,0
BRDA:23,2,1,1
BRF:6
BRH:4
end_of_record
TN:
SF:src/middlewares/validarTrilha.js
FN:3,validarTrilha
FNF:1
FNH:1
FNDA:2,validarTrilha
DA:1,1
DA:4,2
DA:6,2
DA:7,4
DA:9,4
DA:10,1
DA:15,3
DA:18,1
DA:19,1
LF:9
LH:9
BRDA:9,0,0,1
BRDA:9,0,1,3
BRDA:9,1,0,4
BRDA:9,1,1,3
BRF:4
BRH:4
end_of_record
